<?xml version="1.0" encoding="UTF-8"?>
<testng-results ignored="0" total="1" passed="1" failed="0" skipped="0">
  <reporter-output>
  </reporter-output>
  <suite started-at="2021-02-04T19:23:44 EST" name="Default suite" finished-at="2021-02-04T19:23:49 EST" duration-ms="4894">
    <groups>
    </groups>
    <test started-at="2021-02-04T19:23:44 EST" name="Default test" finished-at="2021-02-04T19:23:49 EST" duration-ms="4894">
      <class name="facebook.com.facebook.com.GoogleSearch">
        <test-method is-config="true" signature="beforeClass()[pri:0, instance:facebook.com.facebook.com.GoogleSearch@fa36558]" started-at="2021-02-04T19:23:44 EST" name="beforeClass" finished-at="2021-02-04T19:23:46 EST" duration-ms="1777" status="PASS">
          <reporter-output>
          </reporter-output>
        </test-method> <!-- beforeClass -->
        <test-method signature="Test()[pri:0, instance:facebook.com.facebook.com.GoogleSearch@fa36558]" started-at="2021-02-04T19:23:46 EST" name="Test" finished-at="2021-02-04T19:23:49 EST" duration-ms="3092" status="PASS">
          <reporter-output>
          </reporter-output>
        </test-method> <!-- Test -->
      </class> <!-- facebook.com.facebook.com.GoogleSearch -->
    </test> <!-- Default test -->
  </suite> <!-- Default suite -->
</testng-results>
